<?xml version="1.0" encoding="UTF-8"?>
<testng-results ignored="0" total="4" passed="4" failed="0" skipped="0">
  <reporter-output>
    <line>
      <![CDATA[Books Page Displayed]]>
    </line>
    <line>
      <![CDATA[Fiction Ex Product Page Displayed]]>
    </line>
    <line>
      <![CDATA[Wish List Page Displayed]]>
    </line>
    <line>
      <![CDATA[verify_User_Is_Able_To_Add_Product_To_WishList Test Case Pass..]]>
    </line>
    <line>
      <![CDATA[Books Page Displayed]]>
    </line>
    <line>
      <![CDATA[Fiction Ex Product Page Displayed]]>
    </line>
    <line>
      <![CDATA[Wish List Page Displayed]]>
    </line>
    <line>
      <![CDATA[verify_User_Is_Able_To_Add_Product_To_WishList Test Case Pass..]]>
    </line>
    <line>
      <![CDATA[Books Page Displayed]]>
    </line>
    <line>
      <![CDATA[Fiction Ex Product Page Displayed]]>
    </line>
    <line>
      <![CDATA[Wish List Page Displayed]]>
    </line>
    <line>
      <![CDATA[verify_User_Is_Able_To_Add_Product_To_WishList Test Case Pass..]]>
    </line>
    <line>
      <![CDATA[Login Page is  Displayed..]]>
    </line>
    <line>
      <![CDATA[Home Page is  Displayed..]]>
    </line>
  </reporter-output>
  <suite started-at="2024-04-25T11:56:39 IST" name="Suite" finished-at="2024-04-25T11:57:15 IST" duration-ms="35788">
    <groups>
    </groups>
    <test started-at="2024-04-25T11:56:39 IST" name="Test" finished-at="2024-04-25T11:57:15 IST" duration-ms="35788">
      <class name="org.automation.test_script.RemoveFromWishlistTest">
        <test-method is-config="true" signature="launchBrowser()[pri:0, instance:org.automation.test_script.RemoveFromWishlistTest@1de5f259]" started-at="2024-04-25T11:56:50 IST" name="launchBrowser" finished-at="2024-04-25T11:56:53 IST" duration-ms="3523" status="PASS">
          <reporter-output>
          </reporter-output>
        </test-method> <!-- launchBrowser -->
        <test-method is-config="true" signature="performLogin()[pri:0, instance:org.automation.test_script.RemoveFromWishlistTest@1de5f259]" started-at="2024-04-25T11:56:53 IST" name="performLogin" finished-at="2024-04-25T11:56:55 IST" duration-ms="1545" status="PASS">
          <reporter-output>
          </reporter-output>
        </test-method> <!-- performLogin -->
        <test-method signature="verify_User_Is_Able_To_Add_Product_To_Wishlist()[pri:0, instance:org.automation.test_script.RemoveFromWishlistTest@1de5f259]" started-at="2024-04-25T11:56:55 IST" name="verify_User_Is_Able_To_Add_Product_To_Wishlist" finished-at="2024-04-25T11:56:58 IST" duration-ms="3505" status="PASS">
          <reporter-output>
            <line>
              <![CDATA[Books Page Displayed]]>
            </line>
            <line>
              <![CDATA[Fiction Ex Product Page Displayed]]>
            </line>
            <line>
              <![CDATA[Wish List Page Displayed]]>
            </line>
            <line>
              <![CDATA[verify_User_Is_Able_To_Add_Product_To_WishList Test Case Pass..]]>
            </line>
          </reporter-output>
        </test-method> <!-- verify_User_Is_Able_To_Add_Product_To_Wishlist -->
        <test-method is-config="true" signature="performLogout()[pri:0, instance:org.automation.test_script.RemoveFromWishlistTest@1de5f259]" started-at="2024-04-25T11:56:58 IST" name="performLogout" finished-at="2024-04-25T11:56:59 IST" duration-ms="896" status="PASS">
          <reporter-output>
          </reporter-output>
        </test-method> <!-- performLogout -->
        <test-method is-config="true" signature="closeBrowser()[pri:0, instance:org.automation.test_script.RemoveFromWishlistTest@1de5f259]" started-at="2024-04-25T11:56:59 IST" name="closeBrowser" finished-at="2024-04-25T11:56:59 IST" duration-ms="66" status="PASS">
          <reporter-output>
          </reporter-output>
        </test-method> <!-- closeBrowser -->
      </class> <!-- org.automation.test_script.RemoveFromWishlistTest -->
      <class name="org.automation.test_script.LoginTest">
        <test-method signature="testCase()[pri:0, instance:org.automation.test_script.LoginTest@31fa1761]" started-at="2024-04-25T11:57:09 IST" name="testCase" finished-at="2024-04-25T11:57:15 IST" duration-ms="5974" status="PASS">
          <reporter-output>
            <line>
              <![CDATA[Login Page is  Displayed..]]>
            </line>
            <line>
              <![CDATA[Home Page is  Displayed..]]>
            </line>
          </reporter-output>
        </test-method> <!-- testCase -->
      </class> <!-- org.automation.test_script.LoginTest -->
      <class name="org.automation.test_script.WishlistTest">
        <test-method is-config="true" signature="launchBrowser()[pri:0, instance:org.automation.test_script.WishlistTest@729d991e]" started-at="2024-04-25T11:56:59 IST" name="launchBrowser" finished-at="2024-04-25T11:57:03 IST" duration-ms="3389" status="PASS">
          <reporter-output>
          </reporter-output>
        </test-method> <!-- launchBrowser -->
        <test-method is-config="true" signature="performLogin()[pri:0, instance:org.automation.test_script.WishlistTest@729d991e]" started-at="2024-04-25T11:57:03 IST" name="performLogin" finished-at="2024-04-25T11:57:04 IST" duration-ms="1574" status="PASS">
          <reporter-output>
          </reporter-output>
        </test-method> <!-- performLogin -->
        <test-method signature="verify_User_Is_Able_To_Add_Product_To_Wishlist()[pri:0, instance:org.automation.test_script.WishlistTest@729d991e]" started-at="2024-04-25T11:57:04 IST" name="verify_User_Is_Able_To_Add_Product_To_Wishlist" finished-at="2024-04-25T11:57:08 IST" duration-ms="3389" status="PASS">
          <reporter-output>
            <line>
              <![CDATA[Books Page Displayed]]>
            </line>
            <line>
              <![CDATA[Fiction Ex Product Page Displayed]]>
            </line>
            <line>
              <![CDATA[Wish List Page Displayed]]>
            </line>
            <line>
              <![CDATA[verify_User_Is_Able_To_Add_Product_To_WishList Test Case Pass..]]>
            </line>
          </reporter-output>
        </test-method> <!-- verify_User_Is_Able_To_Add_Product_To_Wishlist -->
        <test-method is-config="true" signature="performLogout()[pri:0, instance:org.automation.test_script.WishlistTest@729d991e]" started-at="2024-04-25T11:57:08 IST" name="performLogout" finished-at="2024-04-25T11:57:09 IST" duration-ms="947" status="PASS">
          <reporter-output>
          </reporter-output>
        </test-method> <!-- performLogout -->
        <test-method is-config="true" signature="closeBrowser()[pri:0, instance:org.automation.test_script.WishlistTest@729d991e]" started-at="2024-04-25T11:57:09 IST" name="closeBrowser" finished-at="2024-04-25T11:57:09 IST" duration-ms="130" status="PASS">
          <reporter-output>
          </reporter-output>
        </test-method> <!-- closeBrowser -->
      </class> <!-- org.automation.test_script.WishlistTest -->
      <class name="org.automation.test_script.AddToWishlistTest">
        <test-method is-config="true" signature="launchBrowser()[pri:0, instance:org.automation.test_script.AddToWishlistTest@194bcebf]" started-at="2024-04-25T11:56:39 IST" name="launchBrowser" finished-at="2024-04-25T11:56:44 IST" duration-ms="4931" status="PASS">
          <reporter-output>
          </reporter-output>
        </test-method> <!-- launchBrowser -->
        <test-method is-config="true" signature="performLogin()[pri:0, instance:org.automation.test_script.AddToWishlistTest@194bcebf]" started-at="2024-04-25T11:56:44 IST" name="performLogin" finished-at="2024-04-25T11:56:45 IST" duration-ms="1535" status="PASS">
          <reporter-output>
          </reporter-output>
        </test-method> <!-- performLogin -->
        <test-method signature="verify_User_Is_Able_To_Add_Product_To_Wishlist()[pri:0, instance:org.automation.test_script.AddToWishlistTest@194bcebf]" started-at="2024-04-25T11:56:45 IST" name="verify_User_Is_Able_To_Add_Product_To_Wishlist" finished-at="2024-04-25T11:56:49 IST" duration-ms="3134" status="PASS">
          <reporter-output>
            <line>
              <![CDATA[Books Page Displayed]]>
            </line>
            <line>
              <![CDATA[Fiction Ex Product Page Displayed]]>
            </line>
            <line>
              <![CDATA[Wish List Page Displayed]]>
            </line>
            <line>
              <![CDATA[verify_User_Is_Able_To_Add_Product_To_WishList Test Case Pass..]]>
            </line>
          </reporter-output>
        </test-method> <!-- verify_User_Is_Able_To_Add_Product_To_Wishlist -->
        <test-method is-config="true" signature="performLogout()[pri:0, instance:org.automation.test_script.AddToWishlistTest@194bcebf]" started-at="2024-04-25T11:56:49 IST" name="performLogout" finished-at="2024-04-25T11:56:50 IST" duration-ms="1044" status="PASS">
          <reporter-output>
          </reporter-output>
        </test-method> <!-- performLogout -->
        <test-method is-config="true" signature="closeBrowser()[pri:0, instance:org.automation.test_script.AddToWishlistTest@194bcebf]" started-at="2024-04-25T11:56:50 IST" name="closeBrowser" finished-at="2024-04-25T11:56:50 IST" duration-ms="146" status="PASS">
          <reporter-output>
          </reporter-output>
        </test-method> <!-- closeBrowser -->
      </class> <!-- org.automation.test_script.AddToWishlistTest -->
    </test> <!-- Test -->
  </suite> <!-- Suite -->
</testng-results>
