<?xml version="1.0" encoding="UTF-8"?>
<!-- Generated by org.testng.reporters.JUnitXMLReporter -->
<testsuite ignored="0" hostname="FFE-Shilpa-J" failures="0" tests="4" name="Test" time="35.788" errors="0" timestamp="2024-04-25T11:57:15 IST">
  <testcase classname="org.automation.test_script.AddToWishlistTest" name="verify_User_Is_Able_To_Add_Product_To_Wishlist" time="3.134"/>
  <testcase classname="org.automation.test_script.RemoveFromWishlistTest" name="verify_User_Is_Able_To_Add_Product_To_Wishlist" time="3.505"/>
  <testcase classname="org.automation.test_script.WishlistTest" name="verify_User_Is_Able_To_Add_Product_To_Wishlist" time="3.389"/>
  <testcase classname="org.automation.test_script.LoginTest" name="testCase" time="5.974"/>
</testsuite> <!-- Test -->
